<?xml version="1.0" encoding="UTF-8"?>
<!-- Generated by org.testng.reporters.JUnitReportReporter -->
<testsuite hostname="SIL-WIN-6" failures="0" tests="1" name="com.qa.testcases.Demotestcase2" time="16.495" errors="0" timestamp="07 Jun 2019 09:25:13 GMT" skipped="0">
  <testcase classname="com.qa.testcases.Demotestcase2" name="maximisebrowser" time="16.495"/>
</testsuite> <!-- com.qa.testcases.Demotestcase2 -->
