<?xml version="1.0" encoding="UTF-8"?>
<!-- Generated by org.testng.reporters.JUnitReportReporter -->
<testsuite hostname="SIL-WIN-6" failures="0" tests="1" name="com.qa.testcases.TC1_Login" time="61.556" errors="0" timestamp="10 Jun 2019 07:55:01 GMT" skipped="0">
  <testcase classname="com.qa.testcases.TC1_Login" name="login" time="61.556"/>
</testsuite> <!-- com.qa.testcases.TC1_Login -->
