<?xml version="1.0" encoding="UTF-8"?>
<!-- Generated by org.testng.reporters.JUnitReportReporter -->
<testsuite hostname="SIL-WIN-6" failures="0" tests="1" name="com.qa.testcases.TC5_AccountDetails" time="41.857" errors="0" timestamp="27 Jun 2019 10:06:02 GMT" skipped="0">
  <testcase classname="com.qa.testcases.TC5_AccountDetails" name="accountdetailstestcase" time="41.857"/>
</testsuite> <!-- com.qa.testcases.TC5_AccountDetails -->
