<?xml version="1.0" encoding="UTF-8"?>
<!-- Generated by org.testng.reporters.JUnitReportReporter -->
<testsuite hostname="SIL-WIN-6" failures="0" tests="5" name="com.qa.testcases.TC1_Login" time="28.901" errors="0" timestamp="27 Jun 2019 10:06:02 GMT" skipped="4">
  <testcase classname="com.qa.testcases.TC1_Login" name="login_both_valid_fields_testcase" time="28.901"/>
  <testcase classname="com.qa.testcases.TC1_Login" name="login_with_username_valid_password_invalid">
    <skipped/>
  </testcase> <!-- login_with_username_valid_password_invalid -->
  <testcase classname="com.qa.testcases.TC1_Login" name="login_with_username_invalid_password_valid">
    <skipped/>
  </testcase> <!-- login_with_username_invalid_password_valid -->
  <testcase classname="com.qa.testcases.TC1_Login" name="login_with_both_fields_blank">
    <skipped/>
  </testcase> <!-- login_with_both_fields_blank -->
  <testcase classname="com.qa.testcases.TC1_Login" name="login_with_both_invalid_fields">
    <skipped/>
  </testcase> <!-- login_with_both_invalid_fields -->
</testsuite> <!-- com.qa.testcases.TC1_Login -->
