<?xml version="1.0" encoding="UTF-8"?>
<!-- Generated by org.testng.reporters.JUnitReportReporter -->
<testsuite hostname="SIL-WIN-6" failures="0" tests="1" name="com.qa.testcases.TC5_AccountDetails" time="62.740" errors="0" timestamp="11 Jun 2019 08:00:54 GMT" skipped="0">
  <testcase classname="com.qa.testcases.TC5_AccountDetails" name="registertestcase" time="62.740"/>
</testsuite> <!-- com.qa.testcases.TC5_AccountDetails -->
