<?xml version="1.0" encoding="UTF-8"?>
<!-- Generated by org.testng.reporters.JUnitReportReporter -->
<testsuite hostname="SIL-WIN-6" failures="0" tests="1" name="com.qa.testcases.TC3_BillingAddress" time="93.110" errors="0" timestamp="13 Jun 2019 10:37:13 GMT" skipped="0">
  <testcase classname="com.qa.testcases.TC3_BillingAddress" name="billingaddresstestcase" time="93.110"/>
</testsuite> <!-- com.qa.testcases.TC3_BillingAddress -->
