<?xml version="1.0" encoding="UTF-8"?>
<!-- Generated by org.testng.reporters.JUnitReportReporter -->
<testsuite hostname="SIL-WIN-6" failures="0" tests="1" name="com.qa.testcases.TC4_ShippingAddress" time="63.002" errors="0" timestamp="11 Jun 2019 06:25:07 GMT" skipped="0">
  <testcase classname="com.qa.testcases.TC4_ShippingAddress" name="registertestcase" time="63.002"/>
</testsuite> <!-- com.qa.testcases.TC4_ShippingAddress -->
