<?xml version="1.0" encoding="UTF-8"?>
<!-- Generated by org.testng.reporters.JUnitReportReporter -->
<testsuite hostname="SIL-WIN-6" failures="0" tests="1" name="com.qa.testcases.Demotestcase" time="17.770" errors="0" timestamp="10 Jun 2019 04:22:28 GMT" skipped="0">
  <testcase classname="com.qa.testcases.Demotestcase" name="maximisebrowser" time="17.770"/>
</testsuite> <!-- com.qa.testcases.Demotestcase -->
