<?xml version="1.0" encoding="UTF-8"?>
<!-- Generated by org.testng.reporters.JUnitReportReporter -->
<testsuite hostname="SIL-WIN-6" failures="0" tests="1" name="com.qa.testcases.TC3_Address" time="67.072" errors="0" timestamp="11 Jun 2019 06:09:00 GMT" skipped="0">
  <testcase classname="com.qa.testcases.TC3_Address" name="registertestcase" time="67.072"/>
</testsuite> <!-- com.qa.testcases.TC3_Address -->
