<?xml version="1.0" encoding="UTF-8"?>
<!-- Generated by org.testng.reporters.JUnitReportReporter -->
<testsuite hostname="SIL-WIN-6" failures="0" tests="1" name="com.qa.testcases.TC1_Login" time="55.741" errors="0" timestamp="11 Jun 2019 11:03:21 GMT" skipped="0">
  <testcase classname="com.qa.testcases.TC1_Login" name="logintestcase" time="55.741"/>
</testsuite> <!-- com.qa.testcases.TC1_Login -->
