<?xml version="1.0" encoding="UTF-8"?>
<!-- Generated by org.testng.reporters.JUnitReportReporter -->
<testsuite hostname="SIL-WIN-6" failures="0" tests="1" name="com.qa.testcases.TC2_Register" time="49.620" errors="0" timestamp="11 Jun 2019 11:03:21 GMT" skipped="0">
  <testcase classname="com.qa.testcases.TC2_Register" name="registertestcase" time="49.620"/>
</testsuite> <!-- com.qa.testcases.TC2_Register -->
