<?xml version="1.0" encoding="UTF-8"?>
<!-- Generated by org.testng.reporters.JUnitReportReporter -->
<testsuite hostname="SIL-WIN-6" failures="0" tests="1" name="com.qa.testcases.Demotestcase" time="18.408" errors="0" timestamp="10 Jun 2019 06:29:35 GMT">
  <testcase classname="com.qa.testcases.Demotestcase" name="maximisebrowser" time="18.408"/>
</testsuite> <!-- com.qa.testcases.Demotestcase -->
