<?xml version="1.0" encoding="UTF-8"?>
<!-- Generated by org.testng.reporters.JUnitReportReporter -->
<testsuite hostname="SIL-WIN-6" failures="0" tests="1" name="com.qa.testcases.TC1_Login" time="30.081" errors="0" timestamp="13 Jun 2019 05:32:20 GMT">
  <testcase classname="com.qa.testcases.TC1_Login" name="login_both_valid_fields_testcase" time="30.081"/>
</testsuite> <!-- com.qa.testcases.TC1_Login -->
