<?xml version="1.0" encoding="UTF-8"?>
<!-- Generated by org.testng.reporters.JUnitReportReporter -->
<testsuite hostname="SIL-WIN-6" failures="0" tests="1" name="com.qa.testcases.TC3_BillingAddress" time="81.636" errors="0" timestamp="11 Jun 2019 09:39:00 GMT">
  <testcase classname="com.qa.testcases.TC3_BillingAddress" name="registertestcase" time="81.636"/>
</testsuite> <!-- com.qa.testcases.TC3_BillingAddress -->
