<?xml version="1.0" encoding="UTF-8"?>
<!-- Generated by org.testng.reporters.JUnitReportReporter -->
<testsuite hostname="SIL-WIN-6" failures="0" tests="1" name="com.qa.testcases.TC2_Register" time="50.793" errors="0" timestamp="11 Jun 2019 09:39:00 GMT">
  <testcase classname="com.qa.testcases.TC2_Register" name="registertestcase" time="50.793"/>
</testsuite> <!-- com.qa.testcases.TC2_Register -->
