<?xml version="1.0" encoding="UTF-8"?>
<!-- Generated by org.testng.reporters.JUnitReportReporter -->
<testsuite hostname="SIL-WIN-6" name="com.qa.testcases.Demotestcase" tests="1" failures="0" timestamp="10 Jun 2019 05:35:20 GMT" time="19.211" errors="0">
  <testcase name="maximisebrowser" time="19.211" classname="com.qa.testcases.Demotestcase"/>
</testsuite> <!-- com.qa.testcases.Demotestcase -->
