<?xml version="1.0" encoding="UTF-8"?>
<!-- Generated by org.testng.reporters.JUnitReportReporter -->
<testsuite hostname="SIL-WIN-6" failures="0" tests="1" name="com.qa.testcases.TC1_Login" time="38.999" errors="0" timestamp="11 Jun 2019 06:33:23 GMT">
  <testcase classname="com.qa.testcases.TC1_Login" name="logintestcase" time="38.999"/>
</testsuite> <!-- com.qa.testcases.TC1_Login -->
