<?xml version="1.0" encoding="UTF-8"?>
<!-- Generated by org.testng.reporters.JUnitReportReporter -->
<testsuite hostname="SIL-WIN-6" failures="0" tests="1" name="com.qa.testcases.TC5_AccountDetails" time="76.138" errors="0" timestamp="13 Jun 2019 05:13:24 GMT">
  <testcase classname="com.qa.testcases.TC5_AccountDetails" name="accountdetailstestcase" time="76.138"/>
</testsuite> <!-- com.qa.testcases.TC5_AccountDetails -->
